Sept 22, 2012
--------------
1. we have completed 4 programs of leetcode:
   1) Add Binary
   2) Wildcard Matching
   3) Word Search
   4) Zigzag Conversion

Sept 23, 2012
--------------
1. we completed
   1) 3sum
   2) Add Two Numbers

Sept 24, 2012
--------------
1. we completed
   1) Anagram

Sept 25, 2012
--------------
1. we completed
   1) Binary Tree Inorder Traversal
   2) Climbing Stairs

Oct 2, 2012
-------------
1. we completed
   1) Binary Tree Level Order Traversal
   2) Binary Tree Level Order Traversal II
   3) Binary Tree Zigzag Level Order Traversal
   4) Count and Say

Oct 19, 2012
--------------
1. we completed:
   1) DecodeWays: using dynamic programming to store previous results
                  and avoid recursion.
   2) Divide Two Numbers: use 2**k to check the divisability.


Nov 22, 2012
-------------
1. we completed:
   1) Validate Binary Search Tree

Nov 24, 2012
------------
1. we completed:
   1) Valid Parentheses
   2) Valid Sudoku
   3) Unique Paths

Dec 16, 2012
---------------
1. we completed
   1) TwoSum

Dec 19, 2012
-------------
1. we completed:
   1) Text Justification
   2) Trapping Rain Water
   3) SwapPairs
   4) Subsets


Dec 20, 2012
-------------
1. we completed:
   1) Sort Colors
   2) Simplify Path
   3) Set Matrix Zeroes

Dec 23, 2012
--------------
1. we completed:
   1) Search Insert Position


Jan 3, 2013
--------------
1. we completed:
   1) Search in Rotated Sorted Array
   2) Search in Rotated Sorted Array II

Jan 4, 2013
-------------
1. we completed:
   1) Search for a Range

Jan 6, 2013
-------------
1. we completed:
   1) Search a 2D Matrix
   2) Same Tree

Jan 9, 2013
-------------
1. we completed:
   1) Rotate List

Jan 21, 2013
---------------
1. we completed:
   1) Rotate Image

Jan 26, 2013
--------------
1. we completed:
   1) Roman To Integer

Jan 27, 2013
--------------
1. we completed:
   1) Reverse Nodes in k-Group
   2) Reverse Linked List II
   3) Reverse Integer

Feb 16, 2013
--------------
1. we completed:
   1) Restore IP Addresses
   2) Remove Nth From End
   3) Remove Element
   4) Remove Duplicates from Sorted List
   5) Remove Duplicates from Sorted List II

Mar 1, 2013
-------------
1. we completed:
   1) Remove Duplicates from Sorted Array
   2) Remove Duplicates from Sorted Array II

Apr 6, 2013
---------------
1. we completed:
   1) Regular Expression Matching

June 6, 2013
-------------
1. we completed:
   1) Recover Binary Search Tree
   2) Pow

June 8, 2013
--------------
1. we completed:
   1) Populating Next Right Pointers in Each Node
   2) Populating Next Right Pointers in Each Node II
   3) Plus One

July 9, 2013
-------------
1. we completed:
   1) Permutations II

July 10, 2013
--------------
1. we completed:
   1) Permutation Sequence
   2) Path Sum
   3) Path Sum 2
   4) Pascal Triangle

July 11, 2013
--------------
1. we completed:
   1) Pascal Triangle II
   2) Partition List

July 14, 2013
--------------
1. we completed:
   1) Palindrome Number

Sept 28, 2013
--------------
1. we worked on:
   1) Median of Two Sorted Arrays (Time Limit Exceeded)

Oct 6, 2013
------------
1. we completed:
   1) Candy
   2) Clone Graph

Oct 7, 2013
------------
1. we compelted:
   1) Single Number
   2) Single Number II

Nov 9, 2013
------------
1. we completed:
   1) Reorder List
   2) Linked List Cycle
   3) Linked List Cycle II

Nov 10, 2013
-------------
1. we completed:
   1) Length of Last Word
   2) N-Queens
   3) N-Queens II

Nov 11, 2013
-------------
1. we completed:
   1) Symmetric Tree
   3) Implement strStr()

Nov 12, 2013
-------------
1. we completed:
   1) Merge K Sorted Lists

Nov 16, 2013
-------------
1. we completed:
   1) Container With Most Water
   2) Insertion Sort List
   3) Binary Tree Postorder Traversal
   4) Binary Tree Preorder Traversal
   5) Maximum Depth of Binary Tree
   6) Jump Game
   7) Jump Game II
   8) Minimum Depth of Binary Tree

Nov 17, 2013
-------------
1. we completed:
   1) Best Time to Buy and Sell Stock

Nov 26, 2013
-------------
1. we completed:
   1) Letter Combinations of a Phone Number
   2) Triangle

Nov 27, 2013
--------------
1. we completed:
   1) Merge Two Sorted Lists
   2) Merge Sorted Array
   3) Unique Binary Search Trees

Nov 28, 2013
--------------
1. we completed:
   1) Evaluate Reverse Polish Notation

Dec 3, 2013
-------------
1. we completed:
   1) Sqrt(x)
   2) Sum Root to Leaf Numbers

Dec 10, 2013
--------------
1. we completed:
   1) String to Integer

Dec 11, 2013
-------------
1. we completed:
   1) Balanced Binary Tree
   2) Valid Palindrome

Dec 12, 2013
-------------
1. we completed:
   1) Longest Common Prefix
   2) Insert Interval

Dec 13, 2013
--------------
1. we completed:
   1) Merge Intervals
   2) Maximum Subarray
   3) Scramble String
   4) Spiral Matrix
   5) Spiral Matrix II
   6) Multiply Strings
   7) Integer to Roman

Dec 15, 2013
-------------
1. we completed:
   1) Next Permutation
   2) Sudoku Solver

Dec 16, 2013
--------------
1. we completed:
   1) Flatten Binary Tree to Linked List
   2) Convert Sorted Array to Binary Search Tree
   3) Best Time to Buy and Sell Stock II
   4) LRU Cache

Dec 17, 2013
--------------
1. we completed:
   1) Combination Sum II
   2) Combination Sum
   3) Subsets II

Dec 18, 2013
--------------
1. we completed:
   1) Longest Consecutive Sequence
   2) Gray Code
   3) Minimum Path Sum
   4) Generate Parentheses
   5) Unique Paths II

Dec 20, 2013
--------------
1. we completed:
   1) First Missing Positive
   2) Word Break II
   3) Word Break

Dec 23, 2013
-------------
1. we completed:
   1) Longest Valid Parentheses

Dec 25, 2013
-------------
1. we completed:
   1) Copy List with Random Pointer
   2) Surrounded Regions

Dec 28, 2013
-------------
1. we completed:
   1) Substring with Concatenation of All Words
   2) Longest Substring Without Repeating Characters

Jan 19, 2014
-------------
1. we completed:
   1) Gas Station

Feb 14, 2014
-------------
1. we completed:
   1) Edit Distance

Feb 16, 2014
-------------
1. we completed:
   1) 3Sum Closest

Feb 19, 2014
-------------
1. we completed:
   1) Longest Palindromic Substring

Mar 18, 2014
-------------
1. we completed:
   1) Reverse Words in a String

Mar 20, 2014
--------------
1. we completed:
   1) Unique Binary Search Trees II

Mar 21, 2014
--------------
1. we compelted:
   1) Construct Binary Tree from Preorder and Inorder Traversal
   2) Construct Binary Tree from Inorder and Postorder Traversal

Apr 9, 2014
------------
1. we completed
   1) Palindrome Partitioning

June 13, 2014
--------------
1. we completed
   1) Palindrome Partitioning II

Oct 23, 2014
-------------
1. we completed
   1) Find Minimum in Rotated Sorted Array

Nov 14, 2014
-------------
1. we completed
   1) Min Stack

Nov 28, 2014
-------------
1. we completed
   1) Intersection of Two Linked Lists

Nov 29, 2014
-------------
1. we completed
   1) Valid Number

Dec 13, 2014
-------------
1. we completed
   1) Find Peak Element

Dec 18, 2014
-------------
1. we completed
   1) Compare Version Numbers

Dec 20, 2014
-------------
1. we completed
   1) Excel Sheet Column Title

Dec 22, 2014
-------------
1. we completed
   1) Sort List
   2) Majority Element
   3) Fraction to Recurring Decimal

Jan 5, 2015
------------
1. we completed
   1) Excel Sheet Column Number
   2) Factorial Trailing Zeroes

Jan 6, 2015
------------
1. we completed:
   1) Binary Search Tree Iterator

Jan 7, 2015
------------
1. we completed:
   1) Dungeon Game

Feb 28, 2015
------------
1. we completed:
   1) Rotate Array

Mar 8, 2015
------------
1. we completed:
   1) Reverse Bits

Mar 12, 2015
-------------
1. we completed:
   1) Number of 1 Bits

Mar 15, 2015
-------------
1. we completed:
   1) Find Minimum in Rotated Sorted Array II

Apr 4, 2015
------------
1. we completed:
   1) Binary Tree Right Side View

Apr 18, 2015
-------------
1. we completed:
   1) Bitwise AND of Numbers Range

Apr 26, 2015
------------
1. we completed:
   1) Happy Number
   2) Remove Linked List Elements

Apr 27, 2015
------------
1. we completed:
   1) Count Primes

Apr 30, 2015
------------
1. we completed:
   1) Isomorphic Strings

May 6, 2015
-----------
1. we completed:
   1) Reverse Linked List
   2) House Robber

May 8, 2015
-----------
1. we completed:
   1) Implement Trie

May 12, 2015
------------
1. we completed:
   1) Minimum Size Subarray Sum

May 17, 2015
------------
1. we completed:
   1) Add and Search Word

May 21, 2015
------------
1. we completed:
   1) House Robber II

May 24, 2015
------------
1. we completed:
   1) Kth Largest Element in an Array

May 25, 2015
------------
1. we completed
   1) Contains Duplicate
   2) Combination Sum III

May 30,2015
-----------
1. we completed
   1) Contains Duplicate II

July 3, 2015
------------
1. we completed
   1) Rectangle Area

July 4, 2015
------------
1. we completed
   1) Basic Calculator
   2) Implement Stack using Queues
   3) Invert Binary Tree

July 6, 2015
------------
1. we completed
   1) Power of Two

July 7, 2015
------------
1. we completed
   1) Implement Queue using Stacks
   2) Summary Ranges

July 8, 2015
------------
1. we completed
   1) Kth Smallest Element in a BST

July 12, 2015
-------------
1. we completed
   1) Lowest Common Ancestor of a Binary Search Tree

July 16, 2015
-------------
1. we completed
   1) Delete Node in a Linked List
   2) Product of Array Except Self

July 17, 2015
-------------
1. we completed
   1) Palindrome Linked List

Aug 1, 2015
-----------
1. we completed
   1) Valid Anagram

Aug 2, 2015
-----------
1. we completed
   1) Different Ways to Add Parentheses

Aug 15, 2015
------------
1. we completed
   1) Lowest Common Ancestor of a Binary Tree

Aug 17, 2015
------------
1. we completed
   1) Add Digits
   2) Single Number III

Aug 19, 2015
------------
1. we completed
   1) Ugly Number

Aug 24, 2015
------------
1. we completed
   1) Missing Number

Aug 30, 2015
------------
1. we completed
   1) Ugly Number II

Sept 1, 2015
------------
1. we completed
   1) Integer to English Words

Sept 2, 2015
------------
1. we completed
   1) Binary Tree Paths

Sept 5, 2015
------------
1. we completed
   1) H-Index
   2) H-Index II
   3) Number of Islands

Sept 9, 2015
------------
1. we completed
   1) First Bad Version

Sept 19, 2015
-------------
1. we completed
   1) Move Zeroes

Sept 21, 2015
-------------
1. we completed
   1) Peeking Iterator

Sept 29, 2015
-------------
1. we completed
   1) Find the Duplicate Number

Oct 11, 2015
------------
1. we completed
   1) Game of Life
   2) Word Pattern

Oct 15, 2015
------------
1. we completed
   1) Nim Game

Oct 25, 2015
------------
1. we completed
   1) Find Median from Data Stream

Oct 27, 2015
------------
1. we completed
   1) Serialize and Deserialize Binary Tree

Oct 31, 2015
------------
1. we completed
   1) Bulls and Cows

Nov 7, 2015
-----------
1. we completed
   1) Longest Increasing Subsequence

Nov 10, 2015
------------
1. we completed
   1) Range Sum Query - Immutable

Nov 12, 2015
------------
1. we completed
   1) Range Sum Query 2D - Immutable

Dec 13, 2015
------------
1. we completed
   1) Remove Duplicate Letters

Dec 18, 2015
------------
1. we completed
   1) Maximum Product Of Word Lengths

Jan 1, 2016
-----------
1. we completed
   1) Wiggle Sort II

Jan 2, 2016
-----------
1. we completed
   1) Coin Change

Jan 5, 2016
-----------
1. we completed
   1) Combine Two Tables (database)

Jan 9, 2016
-----------
1. we completed
   1) Power of Three
   2) Valid Phone Numbers (shell)
   3) Tenth Line (shell)

Jan 10, 2016
------------
1. we completed
   1) Bulb Switcher
   2) Second Highest Salary
   3) Nth Highest Salary

Jan 13, 2016
------------
1. we completed
   1) Transpose File (shell)

Jan 15, 2016
------------
1. we completed
   1) Word Frequency (shell)

Jan 17, 2016
------------
1. we completed
   1) Consecutive Numbers (database)
   2) Odd Even Linked List
   3) Customers Who Never Order (database)

Jan 18, 2016
------------
1. we completed
   1) Duplicate Emails (database)
   2) Employees Earning More Than Their Managers (database)
   3) Delete Duplicate Emails (database)

Jan 19, 2016
------------
1. we completed
   1) Department Highest Salary

Jan 31, 2016
------------
1. we completed
   1) Rank Scores (database)
   2) Rising Temperature (database)

Feb 3, 2016
-----------
1. we completed
   1) Verify Preorder Serialization of a Binary Tree

Feb 25, 2016
------------
1. we completed
   1) Self Crossing

Mar 13, 2016
------------
1. we compelted
   1) House Robber III

Mar 19, 2016
------------
1. we completed:
   1) Counting Bits

Mar 25, 2016
------------
1. we completed:
   1) Increasing Triplet Subsequence

Mar 27, 2016
------------
1. we completed:
   1) Number of Digit One

Apr 3, 2016
-----------
1. we completed
   1) Burst Balloons

Apr 19, 2016
------------
1. we completed
   1) Power of Four
   2) Integer Break

Apr 21, 2016
------------
1. we completed
   1) Flatten Nested List Iterator

Apr 26, 2016
------------
1. we completed
   1) Reverse String
   2) Reverse Vowels of a String

Apr 30, 2016
------------
1. we completed
   1) Count Complete Tree Nodes

May 2, 2016
-----------
1. we completed
   1) Top K Frequent Elements

May 19, 2016
------------
1. we completed
   1) Intersection of Two Arrays

May 23, 2016
------------
1. we completed
   1) Intersection of Two Arrays II
   2) Largest Number

June 1, 2016
------------
1. we completed
   1) Data Stream as Disjoint Intervals

June 12, 2016
-------------
1. we completed
   1) Design Twitter

June 23, 2016
-------------
1. we completed
   1) Count Numbers with Unique Digits

Aug 10, 2016
------------
1. we completed
   1) Linked List Random Node

Aug 11, 2016
------------
1. we completed
   1) Ransom Note
   2) Guess Number Higher or Lower

Aug 18, 2016
------------
1. we completed
   1) Shuffle An Array

Aug 27, 2016
------------
1. we completed
   1) First Unique Character in a String

Aug 28, 2016
------------
1. we completed
   1) Longest Absolute File Path
   2) Find the Difference

Sept 10, 2016
-------------
1. we completed
   1) Is Subsequence
   2) UTF-8 Validation
   3) Decode String

Oct 5, 2016
-----------
1. we completed
   1) Convert a Number to Hexadecimal

Oct 22, 2016
------------
1. we completed
   1) Reconstruct Original Digits from English

Oct 30, 2016
------------
1. we completed
   1) Find All Anagrams in a String
   2) Fizz Buzz
   3) Third Maximum Number

Nov 5, 2016
-----------
1. we completed
   1) Arranging Coins

Nov 12, 2016
------------
1. we completed
   1) Find Right Interval

Nov 14, 2016
------------
1. we completed
   1) Number of Boomerangs

Nov 19, 2016
------------
1. we completed
   1) Repeated Substring Pattern

Dec 4, 2016
-----------
1. we completed
   1) Island Perimeter
   2) Minimum Moves to Equal Array Elements

Jan 12, 2017
------------
1. we completed
   1) License Key Formatting
   
Jan 24, 2017
------------
1. we completed
   1) Target Sum
   2) Construct the Rectangle

Jan 31, 2017
------------
1. we completed
   1) Teemo Attacking

Feb 10, 2017
------------
1. we completed
   1) Next Greater Element I

Feb 12, 2017
------------
1. we completed
   1) Diagonal Traverse
   2) Keyboard Row

Feb 17, 2017
------------
1. we completed
   1) Find Largest Value in Each Tree Row

Feb 18, 2017
------------
1. we completed
   1) Find Bottom Left Tree Value
   2) Most Frequent Subtree Sum
   3) Relative Ranks
   4) Base 7

Feb 28, 2017
------------
1. we completed
   1) Detect Capital

Mar 3, 2017
-----------
1. we completed
   1) Minimum Absolute Difference in BST

Mar 11, 2017
------------
1. we completed
   1) Beautiful Arrangement

Mar 14, 2017
------------
1. we completed
   1) Reverse String II

Mar 27, 2017
------------
1. we completed
   1) Diameter of Binary Tree

Apr 8, 2017
-----------
1. we completed
   1) Friend Circles

Apr 9, 2017
-----------
1. we completed
   1) Convert BST to Greater Tree
   2) Reverse Words in a String III
   3) Next Greater Element III

Apr 11, 2017
------------
1. we completed
   1) Brick Wall
   2) Complex Number Multiplication
   3) K-diff Pairs in an Array

Apr 15, 2017
------------
1. we completed
   1) Design TinyURL
   2) Insert Delete GetRandom O(1)
   3) Add Strings

Apr 16, 2017
------------
1. we compelted
   1) Nth Digit
   2) Pacific Atlantic Water Flow

Apr 17, 2017
------------
1. we completed
   1) Student Attendance Record I
   2) Longest Uncommon Subsequence I
   3) Find All Duplicates in an Array